2023-12-13 14:40:24,649 - train - INFO - DCRNNModel(
  (encoder): DCRNNEncoder(
    (encoding_cells): ModuleList(
      (0-1): 2 x DCGRUCell(
        (dconv_gate): DiffusionGraphConv()
        (dconv_candidate): DiffusionGraphConv()
      )
    )
  )
  (decoder): DCGRUDecoder(
    (decoding_cells): ModuleList(
      (0): DCGRUCell(
        (dconv_gate): DiffusionGraphConv()
        (dconv_candidate): DiffusionGraphConv()
      )
      (1): DCGRUCell(
        (dconv_gate): DiffusionGraphConv()
        (dconv_candidate): DiffusionGraphConv()
        (project): Linear(in_features=64, out_features=1, bias=True)
      )
    )
  )
)
Trainable parameters: 371393
